c:\users\student\desktop\new git\3d-teamc\debug\vc142.pdb
c:\users\student\desktop\new git\3d-teamc\debug\vc142.idb
c:\users\student\desktop\new git\3d-teamc\debug\rankingscore.obj
c:\users\student\desktop\new git\3d-teamc\debug\ranking.obj
c:\users\student\desktop\new git\3d-teamc\debug\player.obj
c:\users\student\desktop\new git\3d-teamc\debug\pause.obj
c:\users\student\desktop\new git\3d-teamc\debug\mouse.obj
c:\users\student\desktop\new git\3d-teamc\debug\motion.obj
c:\users\student\desktop\new git\3d-teamc\debug\model.obj
c:\users\student\desktop\new git\3d-teamc\debug\meshfield.obj
c:\users\student\desktop\new git\3d-teamc\debug\main.obj
c:\users\student\desktop\new git\3d-teamc\debug\light.obj
c:\users\student\desktop\new git\3d-teamc\debug\item.obj
c:\users\student\desktop\new git\3d-teamc\debug\input.obj
c:\users\student\desktop\new git\3d-teamc\debug\gameui.obj
c:\users\student\desktop\new git\3d-teamc\debug\game.obj
c:\users\student\desktop\new git\3d-teamc\debug\fade.obj
c:\users\student\desktop\new git\3d-teamc\debug\enemy.obj
c:\users\student\desktop\new git\3d-teamc\debug\edit.obj
c:\users\student\desktop\new git\3d-teamc\debug\damegepop.obj
c:\users\student\desktop\new git\3d-teamc\debug\camera.obj
c:\users\student\desktop\new git\3d-teamc\debug\block.obj
c:\users\student\desktop\new git\3d-teamc\debug\tutorial3d.obj
c:\users\student\desktop\new git\3d-teamc\debug\title3d.obj
c:\users\student\desktop\new git\3d-teamc\debug\title.obj
c:\users\student\desktop\new git\3d-teamc\debug\shadow.obj
c:\users\student\desktop\new git\3d-teamc\debug\score.obj
c:\users\student\desktop\new git\3d-teamc\debug\result.obj
c:\users\student\desktop\new git\3d-teamc\debug\rankingset.obj
c:\users\student\desktop\new git\3d-teamc\debug\team_c.exe
c:\users\student\desktop\new git\3d-teamc\debug\team_c.ilk
c:\users\student\desktop\new git\3d-teamc\debug\team_c.pdb
c:\users\student\desktop\20250114\3d-teamc\debug\block.obj
c:\users\student\desktop\20250114\3d-teamc\debug\camera.obj
c:\users\student\desktop\20250114\3d-teamc\debug\damegepop.obj
c:\users\student\desktop\20250114\3d-teamc\debug\edit.obj
c:\users\student\desktop\20250114\3d-teamc\debug\enemy.obj
c:\users\student\desktop\20250114\3d-teamc\debug\fade.obj
c:\users\student\desktop\20250114\3d-teamc\debug\game.obj
c:\users\student\desktop\20250114\3d-teamc\debug\gameui.obj
c:\users\student\desktop\20250114\3d-teamc\debug\input.obj
c:\users\student\desktop\20250114\3d-teamc\debug\item.obj
c:\users\student\desktop\20250114\3d-teamc\debug\light.obj
c:\users\student\desktop\20250114\3d-teamc\debug\main.obj
c:\users\student\desktop\20250114\3d-teamc\debug\meshfield.obj
c:\users\student\desktop\20250114\3d-teamc\debug\model.obj
c:\users\student\desktop\20250114\3d-teamc\debug\motion.obj
c:\users\student\desktop\20250114\3d-teamc\debug\mouse.obj
c:\users\student\desktop\20250114\3d-teamc\debug\pause.obj
c:\users\student\desktop\20250114\3d-teamc\debug\player.obj
c:\users\student\desktop\20250114\3d-teamc\debug\ranking.obj
c:\users\student\desktop\20250114\3d-teamc\debug\rankingscore.obj
c:\users\student\desktop\20250114\3d-teamc\debug\rankingset.obj
c:\users\student\desktop\20250114\3d-teamc\debug\result.obj
c:\users\student\desktop\20250114\3d-teamc\debug\score.obj
c:\users\student\desktop\20250114\3d-teamc\debug\shadow.obj
c:\users\student\desktop\20250114\3d-teamc\debug\title.obj
c:\users\student\desktop\20250114\3d-teamc\debug\title3d.obj
c:\users\student\desktop\20250114\3d-teamc\debug\tutorial3d.obj
c:\users\student\desktop\20250114\3d-teamc\debug\team_c.ilk
c:\users\student\desktop\20250114\3d-teamc\debug\vc142.idb
c:\users\student\desktop\20250114\3d-teamc\debug\team_c.pdb
c:\users\student\desktop\20250114\3d-teamc\debug\vc142.pdb
c:\users\student\desktop\20250114\3d-teamc\debug\team_c.tlog\cl.command.1.tlog
c:\users\student\desktop\20250114\3d-teamc\debug\team_c.tlog\cl.read.1.tlog
c:\users\student\desktop\20250114\3d-teamc\debug\team_c.tlog\cl.write.1.tlog
c:\users\student\desktop\20250114\3d-teamc\debug\team_c.tlog\link.command.1.tlog
c:\users\student\desktop\20250114\3d-teamc\debug\team_c.tlog\link.read.1.tlog
c:\users\student\desktop\20250114\3d-teamc\debug\team_c.tlog\link.write.1.tlog
